Performing C++ SOURCE FILE Test COMPILER_SUPPORT_Wshorten64to32 failed with the following output:
Change Dir: /home/shashwat/drone_flight_control/build/esp-idf/espressif__eigen/eigen-build/CMakeFiles/CMakeTmp

Run Build Command(s):/usr/bin/ninja cmTC_d8265 && [1/2] Building CXX object CMakeFiles/cmTC_d8265.dir/src.cxx.obj
[31mFAILED: [0mCMakeFiles/cmTC_d8265.dir/src.cxx.obj 
/home/shashwat/.espressif/tools/xtensa-esp-elf/esp-13.2.0_20230928/xtensa-esp-elf/bin/xtensa-esp32-elf-g++ -DCOMPILER_SUPPORT_Wshorten64to32  -mlongcalls -Wno-frame-address  -std=c++03 -pedantic -Wall -Wextra -Wundef -Wcast-align -Wchar-subscripts -Wnon-virtual-dtor -Wunused-local-typedefs -Wpointer-arith -Wwrite-strings -Wformat-security -Werror   -Wshorten-64-to-32 -o CMakeFiles/cmTC_d8265.dir/src.cxx.obj -c /home/shashwat/drone_flight_control/build/esp-idf/espressif__eigen/eigen-build/CMakeFiles/CMakeTmp/src.cxx
xtensa-esp-elf-g++: error: unrecognized command-line option '-Wshorten-64-to-32'
ninja: build stopped: subcommand failed.


Source file was:
int main() { return 0; }
Performing C++ SOURCE FILE Test COMPILER_SUPPORT_wd981 failed with the following output:
Change Dir: /home/shashwat/drone_flight_control/build/esp-idf/espressif__eigen/eigen-build/CMakeFiles/CMakeTmp

Run Build Command(s):/usr/bin/ninja cmTC_cecae && [1/2] Building CXX object CMakeFiles/cmTC_cecae.dir/src.cxx.obj
[31mFAILED: [0mCMakeFiles/cmTC_cecae.dir/src.cxx.obj 
/home/shashwat/.espressif/tools/xtensa-esp-elf/esp-13.2.0_20230928/xtensa-esp-elf/bin/xtensa-esp32-elf-g++ -DCOMPILER_SUPPORT_wd981  -mlongcalls -Wno-frame-address  -std=c++03 -pedantic -Wall -Wextra -Wundef -Wcast-align -Wchar-subscripts -Wnon-virtual-dtor -Wunused-local-typedefs -Wpointer-arith -Wwrite-strings -Wformat-security -Wlogical-op -Wenum-conversion -Wc++11-extensions -Wdouble-promotion -Wshadow -Wno-psabi -Wno-variadic-macros -Wno-long-long -fno-check-new -fno-common -fstrict-aliasing -Werror   -wd981 -o CMakeFiles/cmTC_cecae.dir/src.cxx.obj -c /home/shashwat/drone_flight_control/build/esp-idf/espressif__eigen/eigen-build/CMakeFiles/CMakeTmp/src.cxx
xtensa-esp-elf-g++: error: unrecognized command-line option '-wd981'
ninja: build stopped: subcommand failed.


Source file was:
int main() { return 0; }
Performing C++ SOURCE FILE Test COMPILER_SUPPORT_wd2304 failed with the following output:
Change Dir: /home/shashwat/drone_flight_control/build/esp-idf/espressif__eigen/eigen-build/CMakeFiles/CMakeTmp

Run Build Command(s):/usr/bin/ninja cmTC_b3eda && [1/2] Building CXX object CMakeFiles/cmTC_b3eda.dir/src.cxx.obj
[31mFAILED: [0mCMakeFiles/cmTC_b3eda.dir/src.cxx.obj 
/home/shashwat/.espressif/tools/xtensa-esp-elf/esp-13.2.0_20230928/xtensa-esp-elf/bin/xtensa-esp32-elf-g++ -DCOMPILER_SUPPORT_wd2304  -mlongcalls -Wno-frame-address  -std=c++03 -pedantic -Wall -Wextra -Wundef -Wcast-align -Wchar-subscripts -Wnon-virtual-dtor -Wunused-local-typedefs -Wpointer-arith -Wwrite-strings -Wformat-security -Wlogical-op -Wenum-conversion -Wc++11-extensions -Wdouble-promotion -Wshadow -Wno-psabi -Wno-variadic-macros -Wno-long-long -fno-check-new -fno-common -fstrict-aliasing -Werror   -wd2304 -o CMakeFiles/cmTC_b3eda.dir/src.cxx.obj -c /home/shashwat/drone_flight_control/build/esp-idf/espressif__eigen/eigen-build/CMakeFiles/CMakeTmp/src.cxx
xtensa-esp-elf-g++: error: unrecognized command-line option '-wd2304'
ninja: build stopped: subcommand failed.


Source file was:
int main() { return 0; }
Performing C++ SOURCE FILE Test COMPILER_SUPPORT_STRICTANSI failed with the following output:
Change Dir: /home/shashwat/drone_flight_control/build/esp-idf/espressif__eigen/eigen-build/CMakeFiles/CMakeTmp

Run Build Command(s):/usr/bin/ninja cmTC_8e309 && [1/2] Building CXX object CMakeFiles/cmTC_8e309.dir/src.cxx.obj
[31mFAILED: [0mCMakeFiles/cmTC_8e309.dir/src.cxx.obj 
/home/shashwat/.espressif/tools/xtensa-esp-elf/esp-13.2.0_20230928/xtensa-esp-elf/bin/xtensa-esp32-elf-g++ -DCOMPILER_SUPPORT_STRICTANSI  -mlongcalls -Wno-frame-address  -std=c++03 -pedantic -Wall -Wextra -Wundef -Wcast-align -Wchar-subscripts -Wnon-virtual-dtor -Wunused-local-typedefs -Wpointer-arith -Wwrite-strings -Wformat-security -Wlogical-op -Wenum-conversion -Wc++11-extensions -Wdouble-promotion -Wshadow -Wno-psabi -Wno-variadic-macros -Wno-long-long -fno-check-new -fno-common -fstrict-aliasing -Werror   -strict-ansi -o CMakeFiles/cmTC_8e309.dir/src.cxx.obj -c /home/shashwat/drone_flight_control/build/esp-idf/espressif__eigen/eigen-build/CMakeFiles/CMakeTmp/src.cxx
xtensa-esp-elf-g++: error: unrecognized command-line option '-strict-ansi'; did you mean '-fstrict-enums'?
ninja: build stopped: subcommand failed.


Source file was:
int main() { return 0; }
Performing C++ SOURCE FILE Test COMPILER_SUPPORT_Qunusedarguments failed with the following output:
Change Dir: /home/shashwat/drone_flight_control/build/esp-idf/espressif__eigen/eigen-build/CMakeFiles/CMakeTmp

Run Build Command(s):/usr/bin/ninja cmTC_af1cc && [1/2] Building CXX object CMakeFiles/cmTC_af1cc.dir/src.cxx.obj
[31mFAILED: [0mCMakeFiles/cmTC_af1cc.dir/src.cxx.obj 
/home/shashwat/.espressif/tools/xtensa-esp-elf/esp-13.2.0_20230928/xtensa-esp-elf/bin/xtensa-esp32-elf-g++ -DCOMPILER_SUPPORT_Qunusedarguments  -mlongcalls -Wno-frame-address  -std=c++03 -pedantic -Wall -Wextra -Wundef -Wcast-align -Wchar-subscripts -Wnon-virtual-dtor -Wunused-local-typedefs -Wpointer-arith -Wwrite-strings -Wformat-security -Wlogical-op -Wenum-conversion -Wc++11-extensions -Wdouble-promotion -Wshadow -Wno-psabi -Wno-variadic-macros -Wno-long-long -fno-check-new -fno-common -fstrict-aliasing -Werror   -Qunused-arguments -o CMakeFiles/cmTC_af1cc.dir/src.cxx.obj -c /home/shashwat/drone_flight_control/build/esp-idf/espressif__eigen/eigen-build/CMakeFiles/CMakeTmp/src.cxx
xtensa-esp-elf-g++: error: unrecognized command-line option '-Qunused-arguments'
ninja: build stopped: subcommand failed.


Source file was:
int main() { return 0; }
Performing C++ SOURCE FILE Test COMPILER_SUPPORT_OPENMP failed with the following output:
Change Dir: /home/shashwat/drone_flight_control/build/esp-idf/espressif__eigen/eigen-build/CMakeFiles/CMakeTmp

Run Build Command(s):/usr/bin/ninja cmTC_c88e1 && [1/2] Building CXX object CMakeFiles/cmTC_c88e1.dir/src.cxx.obj
[31mFAILED: [0mCMakeFiles/cmTC_c88e1.dir/src.cxx.obj 
/home/shashwat/.espressif/tools/xtensa-esp-elf/esp-13.2.0_20230928/xtensa-esp-elf/bin/xtensa-esp32-elf-g++ -DCOMPILER_SUPPORT_OPENMP  -mlongcalls -Wno-frame-address  -std=c++03 -pedantic -Wall -Wextra -Wundef -Wcast-align -Wchar-subscripts -Wnon-virtual-dtor -Wunused-local-typedefs -Wpointer-arith -Wwrite-strings -Wformat-security -Wlogical-op -Wenum-conversion -Wc++11-extensions -Wdouble-promotion -Wshadow -Wno-psabi -Wno-variadic-macros -Wno-long-long -fno-check-new -fno-common -fstrict-aliasing -ansi    -fopenmp -o CMakeFiles/cmTC_c88e1.dir/src.cxx.obj -c /home/shashwat/drone_flight_control/build/esp-idf/espressif__eigen/eigen-build/CMakeFiles/CMakeTmp/src.cxx
xtensa-esp-elf-g++: error: unrecognized command-line option '-pthread'; did you mean '-fpthread'?
ninja: build stopped: subcommand failed.


Source file was:
int main() { return 0; }
Performing C SOURCE FILE Test HAVE_HWLOC_PARENT_MEMBER failed with the following output:
Change Dir: /home/shashwat/drone_flight_control/build/esp-idf/espressif__eigen/eigen-build/CMakeFiles/CMakeTmp

Run Build Command(s):/usr/bin/ninja cmTC_1a99d && [1/2] Building C object CMakeFiles/cmTC_1a99d.dir/src.c.obj
[31mFAILED: [0mCMakeFiles/cmTC_1a99d.dir/src.c.obj 
/home/shashwat/.espressif/tools/xtensa-esp-elf/esp-13.2.0_20230928/xtensa-esp-elf/bin/xtensa-esp32-elf-gcc -DHAVE_HWLOC_PARENT_MEMBER  -mlongcalls -Wno-frame-address -o CMakeFiles/cmTC_1a99d.dir/src.c.obj -c /home/shashwat/drone_flight_control/build/esp-idf/espressif__eigen/eigen-build/CMakeFiles/CMakeTmp/src.c
/home/shashwat/drone_flight_control/build/esp-idf/espressif__eigen/eigen-build/CMakeFiles/CMakeTmp/src.c:2:10: fatal error: hwloc.h: No such file or directory
    2 | #include <hwloc.h>
      |          ^~~~~~~~~
compilation terminated.
ninja: build stopped: subcommand failed.


Source file was:

#include <hwloc.h>

int main()
{
  (void)sizeof(((struct hwloc_obj *)0)->parent);
  return 0;
}

Performing C SOURCE FILE Test HAVE_HWLOC_CACHE_ATTR failed with the following output:
Change Dir: /home/shashwat/drone_flight_control/build/esp-idf/espressif__eigen/eigen-build/CMakeFiles/CMakeTmp

Run Build Command(s):/usr/bin/ninja cmTC_5ecac && [1/2] Building C object CMakeFiles/cmTC_5ecac.dir/src.c.obj
[31mFAILED: [0mCMakeFiles/cmTC_5ecac.dir/src.c.obj 
/home/shashwat/.espressif/tools/xtensa-esp-elf/esp-13.2.0_20230928/xtensa-esp-elf/bin/xtensa-esp32-elf-gcc -DHAVE_HWLOC_CACHE_ATTR  -mlongcalls -Wno-frame-address -o CMakeFiles/cmTC_5ecac.dir/src.c.obj -c /home/shashwat/drone_flight_control/build/esp-idf/espressif__eigen/eigen-build/CMakeFiles/CMakeTmp/src.c
/home/shashwat/drone_flight_control/build/esp-idf/espressif__eigen/eigen-build/CMakeFiles/CMakeTmp/src.c:2:10: fatal error: hwloc.h: No such file or directory
    2 | #include <hwloc.h>
      |          ^~~~~~~~~
compilation terminated.
ninja: build stopped: subcommand failed.


Source file was:

#include <hwloc.h>

int main()
{
  (void)sizeof(((struct hwloc_cache_attr_s *)0)->size);
  return 0;
}

Performing C SOURCE FILE Test HAVE_HWLOC_OBJ_PU failed with the following output:
Change Dir: /home/shashwat/drone_flight_control/build/esp-idf/espressif__eigen/eigen-build/CMakeFiles/CMakeTmp

Run Build Command(s):/usr/bin/ninja cmTC_722d8 && [1/2] Building C object CMakeFiles/cmTC_722d8.dir/src.c.obj
[31mFAILED: [0mCMakeFiles/cmTC_722d8.dir/src.c.obj 
/home/shashwat/.espressif/tools/xtensa-esp-elf/esp-13.2.0_20230928/xtensa-esp-elf/bin/xtensa-esp32-elf-gcc -DHAVE_HWLOC_OBJ_PU  -mlongcalls -Wno-frame-address -o CMakeFiles/cmTC_722d8.dir/src.c.obj -c /home/shashwat/drone_flight_control/build/esp-idf/espressif__eigen/eigen-build/CMakeFiles/CMakeTmp/src.c
/home/shashwat/drone_flight_control/build/esp-idf/espressif__eigen/eigen-build/CMakeFiles/CMakeTmp/src.c:1:10: fatal error: hwloc.h: No such file or directory
    1 | #include <hwloc.h>
      |          ^~~~~~~~~
compilation terminated.
ninja: build stopped: subcommand failed.


Source file was:
#include <hwloc.h>
	    int main(void) { hwloc_obj_t o; o->type = HWLOC_OBJ_PU; return 0;}
Determining if the function hwloc_bitmap_free exists in the hwloc failed with the following output:
Change Dir: /home/shashwat/drone_flight_control/build/esp-idf/espressif__eigen/eigen-build/CMakeFiles/CMakeTmp

Run Build Command(s):/usr/bin/ninja cmTC_8830b && [1/2] Building C object CMakeFiles/cmTC_8830b.dir/CheckFunctionExists.c.obj
[2/2] Linking C executable cmTC_8830b
[31mFAILED: [0mcmTC_8830b 
: && /home/shashwat/.espressif/tools/xtensa-esp-elf/esp-13.2.0_20230928/xtensa-esp-elf/bin/xtensa-esp32-elf-gcc -mlongcalls -Wno-frame-address  -DCHECK_FUNCTION_EXISTS=hwloc_bitmap_free  CMakeFiles/cmTC_8830b.dir/CheckFunctionExists.c.obj -o cmTC_8830b  -lhwloc && :
/home/shashwat/.espressif/tools/xtensa-esp-elf/esp-13.2.0_20230928/xtensa-esp-elf/bin/../lib/gcc/xtensa-esp-elf/13.2.0/../../../../xtensa-esp-elf/bin/ld: cannot find -lhwloc: No such file or directory
collect2: error: ld returned 1 exit status
ninja: build stopped: subcommand failed.



